2025-07-04 13:53:20,458 p=10039 u=ansible n=ansible | PLAY [초기 설정] *****************************************************************************************************************************************************************************************************************************
2025-07-04 13:53:20,469 p=10039 u=ansible n=ansible | TASK [Gathering Facts] ***********************************************************************************************************************************************************************************************************************
2025-07-04 13:53:21,688 p=10039 u=ansible n=ansible | ok: [localhost]
2025-07-04 13:53:21,713 p=10039 u=ansible n=ansible | TASK [1-1) ansible 사용자를 wheel 그룹에 추가] ***********************************************************************************************************************************************************************************************
2025-07-04 13:53:22,223 p=10039 u=ansible n=ansible | ok: [localhost]
2025-07-04 13:53:22,231 p=10039 u=ansible n=ansible | TASK [1-2) wheel 그룹에 NOPASSWD 권한 부여] **************************************************************************************************************************************************************************************************
2025-07-04 13:53:22,637 p=10039 u=ansible n=ansible | ok: [localhost]
2025-07-04 13:53:22,645 p=10039 u=ansible n=ansible | TASK [2-1) 설정 파일 복사 - .bashrc] *********************************************************************************************************************************************************************************************************
2025-07-04 13:53:23,476 p=10039 u=ansible n=ansible | ok: [localhost] => (item={'name': '.bashrc'})
2025-07-04 13:53:23,982 p=10039 u=ansible n=ansible | ok: [localhost] => (item={'name': '.vimrc'})
2025-07-04 13:53:23,994 p=10039 u=ansible n=ansible | TASK [2-3) 설정 파일 적용 - .bashrc] *********************************************************************************************************************************************************************************************************
2025-07-04 13:53:24,463 p=10039 u=ansible n=ansible | ok: [localhost]
2025-07-04 13:53:24,474 p=10039 u=ansible n=ansible | TASK [3) 호스트 정보 추가] *******************************************************************************************************************************************************************************************************************
2025-07-04 13:53:24,758 p=10039 u=ansible n=ansible | ok: [localhost] => (item={'ip': '192.168.30.11', 'hostname': 'ansible'})
2025-07-04 13:53:25,014 p=10039 u=ansible n=ansible | ok: [localhost] => (item={'ip': '192.168.30.12', 'hostname': 'ansible1'})
2025-07-04 13:53:25,278 p=10039 u=ansible n=ansible | ok: [localhost] => (item={'ip': '192.168.30.13', 'hostname': 'ansible2'})
2025-07-04 13:53:25,284 p=10039 u=ansible n=ansible | TASK [4) SSH-KEY 생성] ***********************************************************************************************************************************************************************************************************************
2025-07-04 13:53:25,818 p=10039 u=ansible n=ansible | ok: [localhost]
2025-07-04 13:53:25,835 p=10039 u=ansible n=ansible | PLAY RECAP ***********************************************************************************************************************************************************************************************************************************
2025-07-04 13:53:25,835 p=10039 u=ansible n=ansible | localhost                  : ok=7    changed=0    unreachable=0    failed=0    skipped=0    rescued=0    ignored=0   
2025-07-04 13:53:29,827 p=10358 u=ansible n=ansible | ERROR! Attempting to decrypt but no vault secrets found
2025-07-04 13:53:47,190 p=10386 u=ansible n=ansible | PLAY [관리 대상 서버 초기 설정] **************************************************************************************************************************************************************************************************************
2025-07-04 13:53:47,215 p=10386 u=ansible n=ansible | TASK [Gathering Facts] ***********************************************************************************************************************************************************************************************************************
2025-07-04 13:53:49,326 p=10386 u=ansible n=ansible | ok: [ansible1]
2025-07-04 13:53:49,343 p=10386 u=ansible n=ansible | ok: [ansible2]
2025-07-04 13:53:49,442 p=10386 u=ansible n=ansible | TASK [1) 공개 키 복사] ***********************************************************************************************************************************************************************************************************************
2025-07-04 13:53:50,387 p=10386 u=ansible n=ansible | ok: [ansible1]
2025-07-04 13:53:50,403 p=10386 u=ansible n=ansible | ok: [ansible2]
2025-07-04 13:53:50,419 p=10386 u=ansible n=ansible | TASK [2-1) ansible 유저를 wheel 그룹에 추가합니다.] ******************************************************************************************************************************************************************************************
2025-07-04 13:53:51,378 p=10386 u=ansible n=ansible | ok: [ansible2]
2025-07-04 13:53:51,379 p=10386 u=ansible n=ansible | ok: [ansible1]
2025-07-04 13:53:51,402 p=10386 u=ansible n=ansible | TASK [2-2) wheel 그룹 권한 상승] *************************************************************************************************************************************************************************************************************
2025-07-04 13:53:52,263 p=10386 u=ansible n=ansible | ok: [ansible1]
2025-07-04 13:53:52,277 p=10386 u=ansible n=ansible | ok: [ansible2]
2025-07-04 13:53:52,298 p=10386 u=ansible n=ansible | TASK [3) 호스트 목록 추가] *******************************************************************************************************************************************************************************************************************
2025-07-04 13:53:53,769 p=10386 u=ansible n=ansible | ok: [ansible2]
2025-07-04 13:53:53,771 p=10386 u=ansible n=ansible | ok: [ansible1]
2025-07-04 13:53:53,791 p=10386 u=ansible n=ansible | TASK [4) nameserver 설정] ********************************************************************************************************************************************************************************************************************
2025-07-04 13:53:54,994 p=10386 u=ansible n=ansible | ok: [ansible1]
2025-07-04 13:53:55,015 p=10386 u=ansible n=ansible | ok: [ansible2]
2025-07-04 13:53:55,037 p=10386 u=ansible n=ansible | TASK [1) Python3 설치 확인 및 설치] **********************************************************************************************************************************************************************************************************
2025-07-04 13:53:56,800 p=10386 u=ansible n=ansible | ok: [ansible1]
2025-07-04 13:53:56,870 p=10386 u=ansible n=ansible | ok: [ansible2]
2025-07-04 13:53:57,027 p=10386 u=ansible n=ansible | PLAY RECAP ***********************************************************************************************************************************************************************************************************************************
2025-07-04 13:53:57,027 p=10386 u=ansible n=ansible | ansible1                   : ok=7    changed=0    unreachable=0    failed=0    skipped=0    rescued=0    ignored=0   
2025-07-04 13:53:57,027 p=10386 u=ansible n=ansible | ansible2                   : ok=7    changed=0    unreachable=0    failed=0    skipped=0    rescued=0    ignored=0   
